2025-03-17 19:57:07,435 [Worker-6: Loading available Gradle versions] INFO  o.e.b.c.i.u.g.PublishedGradleVersions - Gradle version information cache is out-of-date. Trying to update.
2025-03-17 20:04:42,738 [Worker-34: Update Maven projects configuration] INFO  o.e.m.c.i.p.ProjectConfigurationManager - Update started
2025-03-17 20:04:42,901 [Worker-34: Update Maven projects configuration] INFO  o.e.m.c.i.l.LifecycleMappingFactory - Using NULL lifecycle mapping for MavenProject: com.codename1.demos.grub:grub-CodeRAD:1.0-SNAPSHOT @ C:\Users\user\Desktop\capstone\cn1libs\CodeRAD\pom.xml.
2025-03-17 20:04:42,940 [Worker-34: Update Maven projects configuration] INFO  o.e.m.c.i.p.ProjectConfigurationManager - Update completed for 1 poms: local refresh takes 0.00 sec, refresh facades takes 0.00 sec, update config takes 0.00 sec 
2025-03-17 20:04:42,941 [Worker-34: Update Maven projects configuration] INFO  o.e.m.c.i.p.ProjectConfigurationManager - Update started
2025-03-17 20:04:43,412 [Worker-34: Update Maven projects configuration] INFO  o.e.m.c.i.l.LifecycleMappingFactory - Using org.eclipse.m2e.jdt.JarLifecycleMapping lifecycle mapping for MavenProject: com.codename1.demos.grub:grub-win:1.0-SNAPSHOT @ C:\Users\user\Desktop\capstone\win\pom.xml.
2025-03-17 20:04:43,424 [Worker-34: Update Maven projects configuration] INFO  o.e.m.c.i.p.WorkspaceClassifierResolverManager - Resolving P/common: com.codename1.demos.grub:grub-common:1.0-SNAPSHOT with classifier  to /common/target/classes
2025-03-17 20:04:43,425 [Worker-34: Update Maven projects configuration] INFO  o.e.m.c.i.p.WorkspaceClassifierResolverManager - Resolving P/common: com.codename1.demos.grub:grub-common:1.0-SNAPSHOT with classifier tests to /common/target/test-classes
2025-03-17 20:04:43,452 [Worker-34: Update Maven projects configuration] INFO  o.e.m.c.i.l.LifecycleMappingFactory - Using org.eclipse.m2e.jdt.JarLifecycleMapping lifecycle mapping for MavenProject: com.codename1.demos.grub:grub-javascript:1.0-SNAPSHOT @ C:\Users\user\Desktop\capstone\javascript\pom.xml.
2025-03-17 20:04:43,454 [Worker-34: Update Maven projects configuration] INFO  o.e.m.c.i.p.WorkspaceClassifierResolverManager - Resolving P/common: com.codename1.demos.grub:grub-common:1.0-SNAPSHOT with classifier  to /common/target/classes
2025-03-17 20:04:43,454 [Worker-34: Update Maven projects configuration] INFO  o.e.m.c.i.p.WorkspaceClassifierResolverManager - Resolving P/common: com.codename1.demos.grub:grub-common:1.0-SNAPSHOT with classifier tests to /common/target/test-classes
2025-03-17 20:04:43,480 [Worker-34: Update Maven projects configuration] INFO  o.e.m.c.i.l.LifecycleMappingFactory - Using org.eclipse.m2e.jdt.JarLifecycleMapping lifecycle mapping for MavenProject: com.codename1.demos.grub:grub-ios:1.0-SNAPSHOT @ C:\Users\user\Desktop\capstone\ios\pom.xml.
2025-03-17 20:04:43,482 [Worker-34: Update Maven projects configuration] INFO  o.e.m.c.i.p.WorkspaceClassifierResolverManager - Resolving P/common: com.codename1.demos.grub:grub-common:1.0-SNAPSHOT with classifier  to /common/target/classes
2025-03-17 20:04:43,482 [Worker-34: Update Maven projects configuration] INFO  o.e.m.c.i.p.WorkspaceClassifierResolverManager - Resolving P/common: com.codename1.demos.grub:grub-common:1.0-SNAPSHOT with classifier tests to /common/target/test-classes
2025-03-17 20:04:43,484 [Worker-34: Update Maven projects configuration] INFO  o.e.m.c.i.l.LifecycleMappingFactory - Using NULL lifecycle mapping for MavenProject: com.codename1.demos.grub:grub-CodeRAD:1.0-SNAPSHOT @ C:\Users\user\Desktop\capstone\cn1libs\CodeRAD\pom.xml.
2025-03-17 20:04:43,518 [Worker-34: Update Maven projects configuration] INFO  o.e.m.c.i.l.LifecycleMappingFactory - Using org.eclipse.m2e.jdt.JarLifecycleMapping lifecycle mapping for MavenProject: com.codename1.demos.grub:grub-javase:1.0-SNAPSHOT @ C:\Users\user\Desktop\capstone\javase\pom.xml.
2025-03-17 20:04:43,534 [Worker-34: Update Maven projects configuration] WARN  o.e.m.c.i.embedder.EclipseLogger - The POM for com.codenameone:codenameone-javase:jar:7.0.36 is invalid, transitive dependencies (if any) will not be available, enable debug logging for more details
2025-03-17 20:04:43,535 [Worker-34: Update Maven projects configuration] INFO  o.e.m.c.i.p.WorkspaceClassifierResolverManager - Resolving P/common: com.codename1.demos.grub:grub-common:1.0-SNAPSHOT with classifier  to /common/target/classes
2025-03-17 20:04:43,535 [Worker-34: Update Maven projects configuration] INFO  o.e.m.c.i.p.WorkspaceClassifierResolverManager - Resolving P/common: com.codename1.demos.grub:grub-common:1.0-SNAPSHOT with classifier tests to /common/target/test-classes
2025-03-17 20:04:43,539 [Worker-34: Update Maven projects configuration] INFO  o.e.m.c.i.l.LifecycleMappingFactory - Using NULL lifecycle mapping for MavenProject: com.codename1.demos.grub:grub-cn1libs:1.0-SNAPSHOT @ C:\Users\user\Desktop\capstone\cn1libs\pom.xml.
2025-03-17 20:04:43,569 [Worker-34: Update Maven projects configuration] INFO  o.e.m.c.i.l.LifecycleMappingFactory - Using org.eclipse.m2e.jdt.JarLifecycleMapping lifecycle mapping for MavenProject: com.codename1.demos.grub:grub-android:1.0-SNAPSHOT @ C:\Users\user\Desktop\capstone\android\pom.xml.
2025-03-17 20:04:43,572 [Worker-34: Update Maven projects configuration] INFO  o.e.m.c.i.p.WorkspaceClassifierResolverManager - Resolving P/common: com.codename1.demos.grub:grub-common:1.0-SNAPSHOT with classifier  to /common/target/classes
2025-03-17 20:04:43,572 [Worker-34: Update Maven projects configuration] INFO  o.e.m.c.i.p.WorkspaceClassifierResolverManager - Resolving P/common: com.codename1.demos.grub:grub-common:1.0-SNAPSHOT with classifier tests to /common/target/test-classes
2025-03-17 20:04:43,613 [Worker-34: Update Maven projects configuration] INFO  o.e.m.c.i.l.LifecycleMappingFactory - Using org.eclipse.m2e.jdt.JarLifecycleMapping lifecycle mapping for MavenProject: com.codename1.demos.grub:grub-common:1.0-SNAPSHOT @ C:\Users\user\Desktop\capstone\common\pom.xml.
2025-03-17 20:04:43,631 [Worker-34: Update Maven projects configuration] INFO  o.e.m.c.i.l.LifecycleMappingFactory - Using NULL lifecycle mapping for MavenProject: com.codename1.demos.grub:grub-CodeRAD:1.0-SNAPSHOT @ C:\Users\user\Desktop\capstone\cn1libs\CodeRAD\pom.xml.
2025-03-17 20:04:43,664 [Worker-34: Update Maven projects configuration] INFO  o.e.m.c.i.l.LifecycleMappingFactory - Using org.eclipse.m2e.jdt.JarLifecycleMapping lifecycle mapping for MavenProject: com.codename1.demos.grub:grub-win:1.0-SNAPSHOT @ C:\Users\user\Desktop\capstone\win\pom.xml.
2025-03-17 20:04:43,666 [Worker-34: Update Maven projects configuration] INFO  o.e.m.c.i.p.WorkspaceClassifierResolverManager - Resolving P/common: com.codename1.demos.grub:grub-common:1.0-SNAPSHOT with classifier  to /common/target/classes
2025-03-17 20:04:43,666 [Worker-34: Update Maven projects configuration] INFO  o.e.m.c.i.p.WorkspaceClassifierResolverManager - Resolving P/common: com.codename1.demos.grub:grub-common:1.0-SNAPSHOT with classifier tests to /common/target/test-classes
2025-03-17 20:04:43,691 [Worker-34: Update Maven projects configuration] INFO  o.e.m.c.i.l.LifecycleMappingFactory - Using org.eclipse.m2e.jdt.JarLifecycleMapping lifecycle mapping for MavenProject: com.codename1.demos.grub:grub-android:1.0-SNAPSHOT @ C:\Users\user\Desktop\capstone\android\pom.xml.
2025-03-17 20:04:43,694 [Worker-34: Update Maven projects configuration] INFO  o.e.m.c.i.p.WorkspaceClassifierResolverManager - Resolving P/common: com.codename1.demos.grub:grub-common:1.0-SNAPSHOT with classifier  to /common/target/classes
2025-03-17 20:04:43,694 [Worker-34: Update Maven projects configuration] INFO  o.e.m.c.i.p.WorkspaceClassifierResolverManager - Resolving P/common: com.codename1.demos.grub:grub-common:1.0-SNAPSHOT with classifier tests to /common/target/test-classes
2025-03-17 20:04:43,721 [Worker-34: Update Maven projects configuration] INFO  o.e.m.c.i.l.LifecycleMappingFactory - Using org.eclipse.m2e.jdt.JarLifecycleMapping lifecycle mapping for MavenProject: com.codename1.demos.grub:grub-ios:1.0-SNAPSHOT @ C:\Users\user\Desktop\capstone\ios\pom.xml.
2025-03-17 20:04:43,722 [Worker-34: Update Maven projects configuration] INFO  o.e.m.c.i.p.WorkspaceClassifierResolverManager - Resolving P/common: com.codename1.demos.grub:grub-common:1.0-SNAPSHOT with classifier  to /common/target/classes
2025-03-17 20:04:43,723 [Worker-34: Update Maven projects configuration] INFO  o.e.m.c.i.p.WorkspaceClassifierResolverManager - Resolving P/common: com.codename1.demos.grub:grub-common:1.0-SNAPSHOT with classifier tests to /common/target/test-classes
2025-03-17 20:04:43,750 [Worker-34: Update Maven projects configuration] INFO  o.e.m.c.i.l.LifecycleMappingFactory - Using org.eclipse.m2e.jdt.JarLifecycleMapping lifecycle mapping for MavenProject: com.codename1.demos.grub:grub-javase:1.0-SNAPSHOT @ C:\Users\user\Desktop\capstone\javase\pom.xml.
2025-03-17 20:04:43,756 [Worker-34: Update Maven projects configuration] INFO  o.e.m.c.i.p.WorkspaceClassifierResolverManager - Resolving P/common: com.codename1.demos.grub:grub-common:1.0-SNAPSHOT with classifier  to /common/target/classes
2025-03-17 20:04:43,756 [Worker-34: Update Maven projects configuration] INFO  o.e.m.c.i.p.WorkspaceClassifierResolverManager - Resolving P/common: com.codename1.demos.grub:grub-common:1.0-SNAPSHOT with classifier tests to /common/target/test-classes
2025-03-17 20:04:43,783 [Worker-34: Update Maven projects configuration] INFO  o.e.m.c.i.l.LifecycleMappingFactory - Using org.eclipse.m2e.jdt.JarLifecycleMapping lifecycle mapping for MavenProject: com.codename1.demos.grub:grub-javascript:1.0-SNAPSHOT @ C:\Users\user\Desktop\capstone\javascript\pom.xml.
2025-03-17 20:04:43,784 [Worker-34: Update Maven projects configuration] INFO  o.e.m.c.i.p.WorkspaceClassifierResolverManager - Resolving P/common: com.codename1.demos.grub:grub-common:1.0-SNAPSHOT with classifier  to /common/target/classes
2025-03-17 20:04:43,784 [Worker-34: Update Maven projects configuration] INFO  o.e.m.c.i.p.WorkspaceClassifierResolverManager - Resolving P/common: com.codename1.demos.grub:grub-common:1.0-SNAPSHOT with classifier tests to /common/target/test-classes
2025-03-17 20:04:44,205 [Worker-34: Update Maven projects configuration] INFO  o.e.m.j.i.AbstractJavaProjectConfigurator - Adding source folder /win/src/main/java
2025-03-17 20:04:44,207 [Worker-34: Update Maven projects configuration] INFO  o.e.m.j.i.AbstractJavaProjectConfigurator - Adding resource folder /win/src/main/resources
2025-03-17 20:04:44,208 [Worker-34: Update Maven projects configuration] INFO  o.e.m.j.i.AbstractJavaProjectConfigurator - Adding source folder /win/src/test/java
2025-03-17 20:04:44,209 [Worker-34: Update Maven projects configuration] INFO  o.e.m.j.i.AbstractJavaProjectConfigurator - Adding resource folder /win/src/test/resources
2025-03-17 20:04:44,480 [Worker-34: Update Maven projects configuration] INFO  o.e.m.j.i.AbstractJavaProjectConfigurator - Adding source folder /javascript/src/main/java
2025-03-17 20:04:44,481 [Worker-34: Update Maven projects configuration] INFO  o.e.m.j.i.AbstractJavaProjectConfigurator - Adding resource folder /javascript/src/main/javascript
2025-03-17 20:04:44,481 [Worker-34: Update Maven projects configuration] INFO  o.e.m.j.i.AbstractJavaProjectConfigurator - Adding resource folder /javascript/src/main/resources
2025-03-17 20:04:44,482 [Worker-34: Update Maven projects configuration] INFO  o.e.m.j.i.AbstractJavaProjectConfigurator - Adding source folder /javascript/src/test/java
2025-03-17 20:04:44,483 [Worker-34: Update Maven projects configuration] INFO  o.e.m.j.i.AbstractJavaProjectConfigurator - Adding resource folder /javascript/src/test/resources
2025-03-17 20:04:44,544 [Worker-34: Update Maven projects configuration] INFO  o.e.m.j.i.AbstractJavaProjectConfigurator - Adding source folder /ios/src/main/java
2025-03-17 20:04:44,545 [Worker-34: Update Maven projects configuration] INFO  o.e.m.j.i.AbstractJavaProjectConfigurator - Adding resource folder /ios/src/main/objectivec
2025-03-17 20:04:44,545 [Worker-34: Update Maven projects configuration] INFO  o.e.m.j.i.AbstractJavaProjectConfigurator - Adding resource folder /ios/src/main/resources
2025-03-17 20:04:44,546 [Worker-34: Update Maven projects configuration] INFO  o.e.m.j.i.AbstractJavaProjectConfigurator - Adding source folder /ios/src/test/java
2025-03-17 20:04:44,546 [Worker-34: Update Maven projects configuration] INFO  o.e.m.j.i.AbstractJavaProjectConfigurator - Adding resource folder /ios/src/test/resources
2025-03-17 20:04:44,621 [Worker-34: Update Maven projects configuration] INFO  o.e.m.j.i.AbstractJavaProjectConfigurator - Adding source folder /javase/src/main/java
2025-03-17 20:04:44,622 [Worker-34: Update Maven projects configuration] INFO  o.e.m.j.i.AbstractJavaProjectConfigurator - Adding resource folder /javase/src/main/resources
2025-03-17 20:04:44,623 [Worker-34: Update Maven projects configuration] INFO  o.e.m.j.i.AbstractJavaProjectConfigurator - Adding resource folder /javase/src/test/resources
2025-03-17 20:04:44,704 [Worker-34: Update Maven projects configuration] INFO  o.e.m.j.i.AbstractJavaProjectConfigurator - Adding source folder /android/src/main/empty
2025-03-17 20:04:44,704 [Worker-34: Update Maven projects configuration] INFO  o.e.m.j.i.AbstractJavaProjectConfigurator - Adding resource folder /android/src/main/java
2025-03-17 20:04:44,705 [Worker-34: Update Maven projects configuration] INFO  o.e.m.j.i.AbstractJavaProjectConfigurator - Adding resource folder /android/src/main/resources
2025-03-17 20:04:44,706 [Worker-34: Update Maven projects configuration] INFO  o.e.m.j.i.AbstractJavaProjectConfigurator - Adding source folder /android/src/test/java
2025-03-17 20:04:44,706 [Worker-34: Update Maven projects configuration] INFO  o.e.m.j.i.AbstractJavaProjectConfigurator - Adding resource folder /android/src/test/resources
2025-03-17 20:04:44,880 [Worker-34: Update Maven projects configuration] INFO  o.e.m.j.i.AbstractJavaProjectConfigurator - Adding source folder /common/src/main/java
2025-03-17 20:04:44,881 [Worker-34: Update Maven projects configuration] INFO  o.e.m.j.i.AbstractJavaProjectConfigurator - Adding resource folder /common/src/main/resources
2025-03-17 20:04:44,888 [Worker-34: Update Maven projects configuration] INFO  o.e.m.j.i.AbstractJavaProjectConfigurator - Adding source folder /common/src/test/java
2025-03-17 20:04:44,889 [Worker-34: Update Maven projects configuration] INFO  o.e.m.j.i.AbstractJavaProjectConfigurator - Adding resource folder /common/src/test/resources
2025-03-17 20:04:44,961 [Worker-34: Update Maven projects configuration] INFO  o.e.m.c.i.p.ProjectConfigurationManager - Update completed for 8 poms: local refresh takes 0.00 sec, refresh facades takes 1.00 sec, update config takes 0.00 sec 
2025-03-17 20:04:45,081 [Worker-3: Building] INFO  o.a.m.s.f.DefaultMavenResourcesFiltering - skip non existing resourceDirectory C:\Users\user\Desktop\capstone\android\src\main\java
2025-03-17 20:04:45,081 [Worker-3: Building] INFO  o.a.m.s.f.DefaultMavenResourcesFiltering - skip non existing resourceDirectory C:\Users\user\Desktop\capstone\android\src\main\resources
2025-03-17 20:04:45,083 [Worker-3: Building] INFO  o.a.m.s.f.DefaultMavenResourcesFiltering - skip non existing resourceDirectory C:\Users\user\Desktop\capstone\android\src\test\resources
2025-03-17 20:04:45,261 [Worker-3: Building] WARN  o.e.m.c.i.embedder.EclipseLogger - The POM for com.codenameone:codenameone-javase:jar:7.0.36 is invalid, transitive dependencies (if any) will not be available, enable debug logging for more details
2025-03-17 20:04:46,465 [Worker-3: Building] INFO  o.a.m.s.f.DefaultMavenResourcesFiltering - Copying 1 resource from src\main\resources to target\classes
2025-03-17 20:04:46,484 [Worker-3: Building] INFO  o.e.m.c.i.embedder.EclipseLogger - Running compliance check against Codename One Java Runtime API
2025-03-17 20:04:46,484 [Worker-3: Building] INFO  o.e.m.c.i.embedder.EclipseLogger - See https://www.codenameone.com/javadoc/ for supported Classes and Methods
2025-03-17 20:04:46,508 [Worker-3: Building] INFO  o.e.m.c.i.embedder.EclipseLogger - Sources haven't changed since the last compliance check. Skipping check
2025-03-17 20:04:46,745 [Worker-3: Building] INFO  o.a.m.s.f.DefaultMavenResourcesFiltering - skip non existing resourceDirectory C:\Users\user\Desktop\capstone\common\src\test\resources
2025-03-17 20:04:46,823 [Worker-3: Building] INFO  o.a.m.s.f.DefaultMavenResourcesFiltering - skip non existing resourceDirectory C:\Users\user\Desktop\capstone\ios\src\main\objectivec
2025-03-17 20:04:46,823 [Worker-3: Building] INFO  o.a.m.s.f.DefaultMavenResourcesFiltering - skip non existing resourceDirectory C:\Users\user\Desktop\capstone\ios\src\main\resources
2025-03-17 20:04:46,825 [Worker-3: Building] INFO  o.a.m.s.f.DefaultMavenResourcesFiltering - skip non existing resourceDirectory C:\Users\user\Desktop\capstone\ios\src\test\resources
2025-03-17 20:04:46,840 [Worker-3: Building] INFO  o.a.m.s.f.DefaultMavenResourcesFiltering - skip non existing resourceDirectory C:\Users\user\Desktop\capstone\javascript\src\main\javascript
2025-03-17 20:04:46,841 [Worker-3: Building] INFO  o.a.m.s.f.DefaultMavenResourcesFiltering - skip non existing resourceDirectory C:\Users\user\Desktop\capstone\javascript\src\main\resources
2025-03-17 20:04:46,842 [Worker-3: Building] INFO  o.a.m.s.f.DefaultMavenResourcesFiltering - skip non existing resourceDirectory C:\Users\user\Desktop\capstone\javascript\src\test\resources
2025-03-17 20:04:46,868 [Worker-3: Building] WARN  o.e.m.c.i.embedder.EclipseLogger - The POM for com.codenameone:codenameone-javase:jar:7.0.36 is invalid, transitive dependencies (if any) will not be available, enable debug logging for more details
2025-03-17 20:04:46,869 [Worker-3: Building] INFO  o.e.m.c.i.p.WorkspaceClassifierResolverManager - Resolving P/common: com.codename1.demos.grub:grub-common:1.0-SNAPSHOT with classifier  to /common/target/classes
2025-03-17 20:04:46,874 [Worker-3: Building] INFO  o.a.m.s.f.DefaultMavenResourcesFiltering - skip non existing resourceDirectory C:\Users\user\Desktop\capstone\javase\src\main\resources
2025-03-17 20:04:46,876 [Worker-3: Building] INFO  o.a.m.s.f.DefaultMavenResourcesFiltering - skip non existing resourceDirectory C:\Users\user\Desktop\capstone\javase\src\test\resources
2025-03-17 20:04:46,898 [Worker-3: Building] INFO  o.a.m.s.f.DefaultMavenResourcesFiltering - skip non existing resourceDirectory C:\Users\user\Desktop\capstone\win\src\main\resources
2025-03-17 20:04:46,899 [Worker-3: Building] INFO  o.a.m.s.f.DefaultMavenResourcesFiltering - skip non existing resourceDirectory C:\Users\user\Desktop\capstone\win\src\test\resources
2025-03-17 20:04:47,102 [Worker-31: Discover lifecycle mappings] ERROR o.e.m.i.d.MavenDiscoveryService - Status ERROR: org.eclipse.equinox.p2.discovery code=0 Failed to discover all connectors. children=[Status ERROR: org.eclipse.equinox.p2.discovery code=0 M2ERemoteBundleDiscoveryStrategy failed with an error org.eclipse.equinox.p2.core.ProvisionException: An error occurred while downloading https://github.com/eclipse-m2e/m2e-discovery-catalog/releases/download/2.x/catalog-2.x.xml. The cache file C:\Users\user\Desktop\capstone\.metadata\.plugins\org.eclipse.equinox.p2.discovery.compatibility\cache\downloading\discovery554145892 could not be renamed to C:\Users\user\Desktop\capstone\.metadata\.plugins\org.eclipse.equinox.p2.discovery.compatibility\cache\discovery554145892.]
2025-03-17 20:13:52,648 [Worker-8: Updating Maven Project] INFO  o.e.m.c.i.p.ProjectConfigurationManager - Update started
2025-03-17 20:13:53,030 [Worker-8: Updating Maven Project] INFO  o.e.m.c.i.l.LifecycleMappingFactory - Using org.eclipse.m2e.jdt.JarLifecycleMapping lifecycle mapping for MavenProject: com.codename1.demos.grub:grub-android:1.0-SNAPSHOT @ C:\Users\user\Desktop\capstone\android\pom.xml.
2025-03-17 20:13:53,044 [Worker-8: Updating Maven Project] INFO  o.e.m.c.i.p.WorkspaceClassifierResolverManager - Resolving P/common: com.codename1.demos.grub:grub-common:1.0-SNAPSHOT with classifier  to /common/target/classes
2025-03-17 20:13:53,044 [Worker-8: Updating Maven Project] INFO  o.e.m.c.i.p.WorkspaceClassifierResolverManager - Resolving P/common: com.codename1.demos.grub:grub-common:1.0-SNAPSHOT with classifier tests to /common/target/test-classes
2025-03-17 20:13:53,046 [Worker-8: Updating Maven Project] INFO  o.e.m.c.i.l.LifecycleMappingFactory - Using NULL lifecycle mapping for MavenProject: com.codename1.demos.grub:grub-cn1libs:1.0-SNAPSHOT @ C:\Users\user\Desktop\capstone\cn1libs\pom.xml.
2025-03-17 20:13:53,047 [Worker-8: Updating Maven Project] INFO  o.e.m.c.i.l.LifecycleMappingFactory - Using NULL lifecycle mapping for MavenProject: com.codename1.demos.grub:grub-CodeRAD:1.0-SNAPSHOT @ C:\Users\user\Desktop\capstone\cn1libs\CodeRAD\pom.xml.
2025-03-17 20:13:53,081 [Worker-8: Updating Maven Project] INFO  o.e.m.c.i.l.LifecycleMappingFactory - Using org.eclipse.m2e.jdt.JarLifecycleMapping lifecycle mapping for MavenProject: com.codename1.demos.grub:grub-common:1.0-SNAPSHOT @ C:\Users\user\Desktop\capstone\common\pom.xml.
2025-03-17 20:13:53,115 [Worker-8: Updating Maven Project] INFO  o.e.m.c.i.l.LifecycleMappingFactory - Using org.eclipse.m2e.jdt.JarLifecycleMapping lifecycle mapping for MavenProject: com.codename1.demos.grub:grub-ios:1.0-SNAPSHOT @ C:\Users\user\Desktop\capstone\ios\pom.xml.
2025-03-17 20:13:53,116 [Worker-8: Updating Maven Project] INFO  o.e.m.c.i.p.WorkspaceClassifierResolverManager - Resolving P/common: com.codename1.demos.grub:grub-common:1.0-SNAPSHOT with classifier  to /common/target/classes
2025-03-17 20:13:53,116 [Worker-8: Updating Maven Project] INFO  o.e.m.c.i.p.WorkspaceClassifierResolverManager - Resolving P/common: com.codename1.demos.grub:grub-common:1.0-SNAPSHOT with classifier tests to /common/target/test-classes
2025-03-17 20:13:53,139 [Worker-8: Updating Maven Project] INFO  o.e.m.c.i.l.LifecycleMappingFactory - Using org.eclipse.m2e.jdt.JarLifecycleMapping lifecycle mapping for MavenProject: com.codename1.demos.grub:grub-javascript:1.0-SNAPSHOT @ C:\Users\user\Desktop\capstone\javascript\pom.xml.
2025-03-17 20:13:53,140 [Worker-8: Updating Maven Project] INFO  o.e.m.c.i.p.WorkspaceClassifierResolverManager - Resolving P/common: com.codename1.demos.grub:grub-common:1.0-SNAPSHOT with classifier  to /common/target/classes
2025-03-17 20:13:53,141 [Worker-8: Updating Maven Project] INFO  o.e.m.c.i.p.WorkspaceClassifierResolverManager - Resolving P/common: com.codename1.demos.grub:grub-common:1.0-SNAPSHOT with classifier tests to /common/target/test-classes
2025-03-17 20:13:53,171 [Worker-8: Updating Maven Project] INFO  o.e.m.c.i.l.LifecycleMappingFactory - Using org.eclipse.m2e.jdt.JarLifecycleMapping lifecycle mapping for MavenProject: com.codename1.demos.grub:grub-javase:1.0-SNAPSHOT @ C:\Users\user\Desktop\capstone\javase\pom.xml.
2025-03-17 20:13:53,178 [Worker-8: Updating Maven Project] WARN  o.e.m.c.i.embedder.EclipseLogger - The POM for com.codenameone:codenameone-javase:jar:7.0.36 is invalid, transitive dependencies (if any) will not be available, enable debug logging for more details
2025-03-17 20:13:53,180 [Worker-8: Updating Maven Project] INFO  o.e.m.c.i.p.WorkspaceClassifierResolverManager - Resolving P/common: com.codename1.demos.grub:grub-common:1.0-SNAPSHOT with classifier  to /common/target/classes
2025-03-17 20:13:53,180 [Worker-8: Updating Maven Project] INFO  o.e.m.c.i.p.WorkspaceClassifierResolverManager - Resolving P/common: com.codename1.demos.grub:grub-common:1.0-SNAPSHOT with classifier tests to /common/target/test-classes
2025-03-17 20:13:53,210 [Worker-8: Updating Maven Project] INFO  o.e.m.c.i.l.LifecycleMappingFactory - Using org.eclipse.m2e.jdt.JarLifecycleMapping lifecycle mapping for MavenProject: com.codename1.demos.grub:grub-win:1.0-SNAPSHOT @ C:\Users\user\Desktop\capstone\win\pom.xml.
2025-03-17 20:13:53,211 [Worker-8: Updating Maven Project] INFO  o.e.m.c.i.p.WorkspaceClassifierResolverManager - Resolving P/common: com.codename1.demos.grub:grub-common:1.0-SNAPSHOT with classifier  to /common/target/classes
2025-03-17 20:13:53,211 [Worker-8: Updating Maven Project] INFO  o.e.m.c.i.p.WorkspaceClassifierResolverManager - Resolving P/common: com.codename1.demos.grub:grub-common:1.0-SNAPSHOT with classifier tests to /common/target/test-classes
2025-03-17 20:13:53,403 [Worker-8: Updating Maven Project] INFO  o.e.m.j.i.AbstractJavaProjectConfigurator - Adding source folder /android/src/main/empty
2025-03-17 20:13:53,404 [Worker-8: Updating Maven Project] INFO  o.e.m.j.i.AbstractJavaProjectConfigurator - Adding resource folder /android/src/main/java
2025-03-17 20:13:53,405 [Worker-8: Updating Maven Project] INFO  o.e.m.j.i.AbstractJavaProjectConfigurator - Adding resource folder /android/src/main/resources
2025-03-17 20:13:53,405 [Worker-8: Updating Maven Project] INFO  o.e.m.j.i.AbstractJavaProjectConfigurator - Adding source folder /android/src/test/java
2025-03-17 20:13:53,406 [Worker-8: Updating Maven Project] INFO  o.e.m.j.i.AbstractJavaProjectConfigurator - Adding resource folder /android/src/test/resources
2025-03-17 20:13:53,517 [Worker-8: Updating Maven Project] INFO  o.e.m.j.i.AbstractJavaProjectConfigurator - Adding source folder /common/src/main/java
2025-03-17 20:13:53,518 [Worker-8: Updating Maven Project] INFO  o.e.m.j.i.AbstractJavaProjectConfigurator - Adding resource folder /common/src/main/resources
2025-03-17 20:13:53,518 [Worker-8: Updating Maven Project] INFO  o.e.m.j.i.AbstractJavaProjectConfigurator - Adding source folder /common/src/test/java
2025-03-17 20:13:53,519 [Worker-8: Updating Maven Project] INFO  o.e.m.j.i.AbstractJavaProjectConfigurator - Adding resource folder /common/src/test/resources
2025-03-17 20:13:53,542 [Worker-8: Updating Maven Project] INFO  o.e.m.j.i.AbstractJavaProjectConfigurator - Adding source folder /ios/src/main/java
2025-03-17 20:13:53,543 [Worker-8: Updating Maven Project] INFO  o.e.m.j.i.AbstractJavaProjectConfigurator - Adding resource folder /ios/src/main/objectivec
2025-03-17 20:13:53,543 [Worker-8: Updating Maven Project] INFO  o.e.m.j.i.AbstractJavaProjectConfigurator - Adding resource folder /ios/src/main/resources
2025-03-17 20:13:53,544 [Worker-8: Updating Maven Project] INFO  o.e.m.j.i.AbstractJavaProjectConfigurator - Adding source folder /ios/src/test/java
2025-03-17 20:13:53,544 [Worker-8: Updating Maven Project] INFO  o.e.m.j.i.AbstractJavaProjectConfigurator - Adding resource folder /ios/src/test/resources
2025-03-17 20:13:53,566 [Worker-8: Updating Maven Project] INFO  o.e.m.j.i.AbstractJavaProjectConfigurator - Adding source folder /javascript/src/main/java
2025-03-17 20:13:53,567 [Worker-8: Updating Maven Project] INFO  o.e.m.j.i.AbstractJavaProjectConfigurator - Adding resource folder /javascript/src/main/javascript
2025-03-17 20:13:53,567 [Worker-8: Updating Maven Project] INFO  o.e.m.j.i.AbstractJavaProjectConfigurator - Adding resource folder /javascript/src/main/resources
2025-03-17 20:13:53,568 [Worker-8: Updating Maven Project] INFO  o.e.m.j.i.AbstractJavaProjectConfigurator - Adding source folder /javascript/src/test/java
2025-03-17 20:13:53,568 [Worker-8: Updating Maven Project] INFO  o.e.m.j.i.AbstractJavaProjectConfigurator - Adding resource folder /javascript/src/test/resources
2025-03-17 20:13:53,597 [Worker-8: Updating Maven Project] INFO  o.e.m.j.i.AbstractJavaProjectConfigurator - Adding source folder /javase/src/main/java
2025-03-17 20:13:53,597 [Worker-8: Updating Maven Project] INFO  o.e.m.j.i.AbstractJavaProjectConfigurator - Adding resource folder /javase/src/main/resources
2025-03-17 20:13:53,598 [Worker-8: Updating Maven Project] INFO  o.e.m.j.i.AbstractJavaProjectConfigurator - Adding resource folder /javase/src/test/resources
2025-03-17 20:13:53,622 [Worker-8: Updating Maven Project] INFO  o.e.m.j.i.AbstractJavaProjectConfigurator - Adding source folder /win/src/main/java
2025-03-17 20:13:53,623 [Worker-8: Updating Maven Project] INFO  o.e.m.j.i.AbstractJavaProjectConfigurator - Adding resource folder /win/src/main/resources
2025-03-17 20:13:53,623 [Worker-8: Updating Maven Project] INFO  o.e.m.j.i.AbstractJavaProjectConfigurator - Adding source folder /win/src/test/java
2025-03-17 20:13:53,624 [Worker-8: Updating Maven Project] INFO  o.e.m.j.i.AbstractJavaProjectConfigurator - Adding resource folder /win/src/test/resources
2025-03-17 20:13:53,824 [Worker-8: Updating Maven Project] INFO  o.e.m.c.i.p.ProjectConfigurationManager - Update completed for 8 poms: local refresh takes 0.00 sec, refresh facades takes 0.00 sec, update config takes 0.00 sec 
2025-03-17 20:13:53,948 [Worker-33: Building] INFO  o.a.m.s.f.DefaultMavenResourcesFiltering - skip non existing resourceDirectory C:\Users\user\Desktop\capstone\android\src\main\java
2025-03-17 20:13:53,948 [Worker-33: Building] INFO  o.a.m.s.f.DefaultMavenResourcesFiltering - skip non existing resourceDirectory C:\Users\user\Desktop\capstone\android\src\main\resources
2025-03-17 20:13:53,950 [Worker-33: Building] INFO  o.a.m.s.f.DefaultMavenResourcesFiltering - skip non existing resourceDirectory C:\Users\user\Desktop\capstone\android\src\test\resources
2025-03-17 20:13:54,188 [Worker-33: Building] WARN  o.e.m.c.i.embedder.EclipseLogger - The POM for com.codenameone:codenameone-javase:jar:7.0.36 is invalid, transitive dependencies (if any) will not be available, enable debug logging for more details
2025-03-17 20:13:55,148 [Worker-33: Building] INFO  o.a.m.s.f.DefaultMavenResourcesFiltering - Copying 1 resource from src\main\resources to target\classes
2025-03-17 20:13:55,155 [Worker-33: Building] INFO  o.e.m.c.i.embedder.EclipseLogger - Running compliance check against Codename One Java Runtime API
2025-03-17 20:13:55,155 [Worker-33: Building] INFO  o.e.m.c.i.embedder.EclipseLogger - See https://www.codenameone.com/javadoc/ for supported Classes and Methods
2025-03-17 20:13:55,178 [Worker-33: Building] INFO  o.e.m.c.i.embedder.EclipseLogger - Sources haven't changed since the last compliance check. Skipping check
2025-03-17 20:13:55,322 [Worker-33: Building] INFO  o.a.m.s.f.DefaultMavenResourcesFiltering - skip non existing resourceDirectory C:\Users\user\Desktop\capstone\common\src\test\resources
2025-03-17 20:13:55,369 [Worker-33: Building] INFO  o.a.m.s.f.DefaultMavenResourcesFiltering - skip non existing resourceDirectory C:\Users\user\Desktop\capstone\ios\src\main\objectivec
2025-03-17 20:13:55,370 [Worker-33: Building] INFO  o.a.m.s.f.DefaultMavenResourcesFiltering - skip non existing resourceDirectory C:\Users\user\Desktop\capstone\ios\src\main\resources
2025-03-17 20:13:55,370 [Worker-33: Building] INFO  o.a.m.s.f.DefaultMavenResourcesFiltering - skip non existing resourceDirectory C:\Users\user\Desktop\capstone\ios\src\test\resources
2025-03-17 20:13:55,384 [Worker-33: Building] INFO  o.a.m.s.f.DefaultMavenResourcesFiltering - skip non existing resourceDirectory C:\Users\user\Desktop\capstone\javascript\src\main\javascript
2025-03-17 20:13:55,384 [Worker-33: Building] INFO  o.a.m.s.f.DefaultMavenResourcesFiltering - skip non existing resourceDirectory C:\Users\user\Desktop\capstone\javascript\src\main\resources
2025-03-17 20:13:55,385 [Worker-33: Building] INFO  o.a.m.s.f.DefaultMavenResourcesFiltering - skip non existing resourceDirectory C:\Users\user\Desktop\capstone\javascript\src\test\resources
2025-03-17 20:13:55,400 [Worker-33: Building] INFO  o.a.m.s.f.DefaultMavenResourcesFiltering - skip non existing resourceDirectory C:\Users\user\Desktop\capstone\javase\src\main\resources
2025-03-17 20:13:55,401 [Worker-33: Building] INFO  o.a.m.s.f.DefaultMavenResourcesFiltering - skip non existing resourceDirectory C:\Users\user\Desktop\capstone\javase\src\test\resources
2025-03-17 20:13:55,421 [Worker-33: Building] INFO  o.a.m.s.f.DefaultMavenResourcesFiltering - skip non existing resourceDirectory C:\Users\user\Desktop\capstone\win\src\main\resources
2025-03-17 20:13:55,421 [Worker-33: Building] INFO  o.a.m.s.f.DefaultMavenResourcesFiltering - skip non existing resourceDirectory C:\Users\user\Desktop\capstone\win\src\test\resources
2025-03-17 20:14:18,256 [Worker-35: Building] INFO  o.a.m.s.f.DefaultMavenResourcesFiltering - skip non existing resourceDirectory C:\Users\user\Desktop\capstone\android\src\main\java
2025-03-17 20:14:18,256 [Worker-35: Building] INFO  o.a.m.s.f.DefaultMavenResourcesFiltering - skip non existing resourceDirectory C:\Users\user\Desktop\capstone\android\src\main\resources
2025-03-17 20:14:18,257 [Worker-35: Building] INFO  o.a.m.s.f.DefaultMavenResourcesFiltering - skip non existing resourceDirectory C:\Users\user\Desktop\capstone\android\src\test\resources
2025-03-17 20:14:18,280 [Worker-35: Building] INFO  o.a.m.s.f.DefaultMavenResourcesFiltering - Copying 1 resource from src\main\resources to target\classes
2025-03-17 20:14:18,284 [Worker-35: Building] INFO  o.e.m.c.i.embedder.EclipseLogger - Running compliance check against Codename One Java Runtime API
2025-03-17 20:14:18,284 [Worker-35: Building] INFO  o.e.m.c.i.embedder.EclipseLogger - See https://www.codenameone.com/javadoc/ for supported Classes and Methods
2025-03-17 20:14:18,305 [Worker-35: Building] INFO  o.e.m.c.i.embedder.EclipseLogger - Sources haven't changed since the last compliance check. Skipping check
2025-03-17 20:14:18,360 [Worker-35: Building] INFO  o.a.m.s.f.DefaultMavenResourcesFiltering - skip non existing resourceDirectory C:\Users\user\Desktop\capstone\common\src\test\resources
2025-03-17 20:14:18,406 [Worker-35: Building] INFO  o.a.m.s.f.DefaultMavenResourcesFiltering - skip non existing resourceDirectory C:\Users\user\Desktop\capstone\ios\src\main\objectivec
2025-03-17 20:14:18,406 [Worker-35: Building] INFO  o.a.m.s.f.DefaultMavenResourcesFiltering - skip non existing resourceDirectory C:\Users\user\Desktop\capstone\ios\src\main\resources
2025-03-17 20:14:18,407 [Worker-35: Building] INFO  o.a.m.s.f.DefaultMavenResourcesFiltering - skip non existing resourceDirectory C:\Users\user\Desktop\capstone\ios\src\test\resources
2025-03-17 20:14:18,420 [Worker-35: Building] INFO  o.a.m.s.f.DefaultMavenResourcesFiltering - skip non existing resourceDirectory C:\Users\user\Desktop\capstone\javascript\src\main\javascript
2025-03-17 20:14:18,420 [Worker-35: Building] INFO  o.a.m.s.f.DefaultMavenResourcesFiltering - skip non existing resourceDirectory C:\Users\user\Desktop\capstone\javascript\src\main\resources
2025-03-17 20:14:18,421 [Worker-35: Building] INFO  o.a.m.s.f.DefaultMavenResourcesFiltering - skip non existing resourceDirectory C:\Users\user\Desktop\capstone\javascript\src\test\resources
2025-03-17 20:14:18,435 [Worker-35: Building] INFO  o.a.m.s.f.DefaultMavenResourcesFiltering - skip non existing resourceDirectory C:\Users\user\Desktop\capstone\javase\src\main\resources
2025-03-17 20:14:18,435 [Worker-35: Building] INFO  o.a.m.s.f.DefaultMavenResourcesFiltering - skip non existing resourceDirectory C:\Users\user\Desktop\capstone\javase\src\test\resources
2025-03-17 20:14:18,456 [Worker-35: Building] INFO  o.a.m.s.f.DefaultMavenResourcesFiltering - skip non existing resourceDirectory C:\Users\user\Desktop\capstone\win\src\main\resources
2025-03-17 20:14:18,456 [Worker-35: Building] INFO  o.a.m.s.f.DefaultMavenResourcesFiltering - skip non existing resourceDirectory C:\Users\user\Desktop\capstone\win\src\test\resources
